<?xml version="1.0" encoding="UTF-8"?>
<testsuite name="enter to page DX Hotels and choose the most economic hotel" tests="1" skipped="0" failures="0" errors="0" timestamp="2021-02-01T01:47:06" hostname="CPX-R4SZBWGIAJC" time="30.188">
  <properties/>
  <testcase name="Carolina choose the most economic hotel" classname="enter to page DX Hotels and choose the most economic hotel" time="30.188"/>
  <system-out><![CDATA[]]></system-out>
  <system-err><![CDATA[Jan 31, 2021 8:47:08 PM org.openqa.selenium.remote.DesiredCapabilities firefox
INFO: Using `new FirefoxOptions()` is preferred to `DesiredCapabilities.firefox()`
Jan 31, 2021 8:47:08 PM org.openqa.selenium.remote.DesiredCapabilities firefox
INFO: Using `new FirefoxOptions()` is preferred to `DesiredCapabilities.firefox()`
[Test worker] INFO net.serenitybdd.core.webdriver.driverproviders.ProvideNewDriver - Instantiating driver
[Test worker] INFO net.serenitybdd.core.webdriver.driverproviders.ProvideNewDriver - Driver capabilities: Capabilities {acceptInsecureCerts: true, browserName: firefox, firefox_profile: org.openqa.selenium.firefox..., headless: false, loggingPrefs: org.openqa.selenium.logging..., marionette: true, moz:firefoxOptions: {}, platform: ANY, version: }
1612144030507	geckodriver	INFO	Listening on 127.0.0.1:29338
1612144031277	mozrunner::runner	INFO	Running command: "C:\\Program Files\\Mozilla Firefox\\firefox.exe" "--marionette" "-foreground" "-no-remote" "-profile" "C:\\Users\\DEISY~1.MOS\\AppData\\Local\\Temp\\rust_mozprofile35ogyz"
Can't find symbol 'eglSwapBuffersWithDamageEXT'.
Can't find symbol 'eglSetDamageRegionKHR'.
JavaScript error: resource://gre/modules/XULStore.jsm, line 66: Error: Can't find profile directory.
console.warn: SearchSettings: "get: No settings file exists, new profile?" (new Error("", "(unknown module)"))
1612144041559	Marionette	INFO	Listening on port 53544
1612144041638	Marionette	WARN	TLS certificate errors will be ignored for this session
Jan 31, 2021 8:47:21 PM org.openqa.selenium.remote.ProtocolHandshake createSession
INFO: Detected dialect: W3C
1612144054337	Marionette	INFO	Stopped listening on port 53544
JavaScript error: https://www.bing.com/api/maps/mapcontrol?callback=_bingScriptReady&_=1612144044416, line 3: NS_ERROR_NOT_INITIALIZED: 
JavaScript error: https://www.bing.com/api/maps/mapcontrol?callback=_bingScriptReady&_=1612144044416, line 3: NS_ERROR_NOT_INITIALIZED: 
JavaScript error: https://www.bing.com/api/maps/mapcontrol?callback=_bingScriptReady&_=1612144044416, line 3: NS_ERROR_NOT_INITIALIZED: 
JavaScript error: https://www.bing.com/api/maps/mapcontrol?callback=_bingScriptReady&_=1612144044416, line 3: NS_ERROR_NOT_INITIALIZED: 
JavaScript error: https://www.bing.com/api/maps/mapcontrol?callback=_bingScriptReady&_=1612144044416, line 3: NS_ERROR_NOT_INITIALIZED: 

###!!! [Child][RunMessage] Error: Channel closing: too late to send/recv, messages will be lost

[Test worker] INFO net.thucydides.core.steps.ConsoleLoggingListener - 
        __    _____ _____ ____ _____   ____   _    ____  ____  _____ ____  
  _     \ \  |_   _| ____/ ___|_   _| |  _ \ / \  / ___|/ ___|| ____|  _ \ 
 (_)_____| |   | | |  _| \___ \ | |   | |_) / _ \ \___ \\___ \|  _| | | | |
  _|_____| |   | | | |___ ___) || |   |  __/ ___ \ ___) |___) | |___| |_| |
 (_)     | |   |_| |_____|____/ |_|   |_| /_/   \_\____/|____/|_____|____/ 
        /_/                                                                

TEST PASSED: Carolina choose the most economic hotel
----------------------------------------------------------------------------
]]></system-err>
</testsuite>
